[01m[K/home/max/Documents/GitHub/IR2117/tb3_ws/obstacles/src/detector.cpp:[m[K In function â€˜[01m[Kvoid topic_callback(sensor_msgs::msg::LaserScan_<std::allocator<void> >::SharedPtr)[m[Kâ€™:
[01m[K/home/max/Documents/GitHub/IR2117/tb3_ws/obstacles/src/detector.cpp:16:21:[m[K [01;31m[Kerror: [m[Kâ€˜[01m[Kobs_angle_min[m[Kâ€™ was not declared in this scope
   16 |         if((angle >=[01;31m[Kobs_angle_min[m[K) and (angle <= obs_angle_max)){
      |                     [01;31m[K^~~~~~~~~~~~~[m[K
[01m[K/home/max/Documents/GitHub/IR2117/tb3_ws/obstacles/src/detector.cpp:16:50:[m[K [01;31m[Kerror: [m[Kâ€˜[01m[Kobs_angle_max[m[Kâ€™ was not declared in this scope
   16 |         if((angle >=obs_angle_min) and (angle <= [01;31m[Kobs_angle_max[m[K)){
      |                                                  [01;31m[K^~~~~~~~~~~~~[m[K
[01m[K/home/max/Documents/GitHub/IR2117/tb3_ws/obstacles/src/detector.cpp:17:24:[m[K [01;31m[Kerror: [m[Kâ€˜[01m[Kobs_threshold[m[Kâ€™ was not declared in this scope
   17 |             if(range<= [01;31m[Kobs_threshold[m[K){
      |                        [01;31m[K^~~~~~~~~~~~~[m[K
[01m[K/home/max/Documents/GitHub/IR2117/tb3_ws/obstacles/src/detector.cpp:[m[K In function â€˜[01m[Kint main(int, char**)[m[Kâ€™:
[01m[K/home/max/Documents/GitHub/IR2117/tb3_ws/obstacles/src/detector.cpp:35:5:[m[K [01;31m[Kerror: [m[Kâ€˜[01m[Kobs_angle_min[m[Kâ€™ was not declared in this scope
   35 |     [01;31m[Kobs_angle_min[m[K = node->get_parameter("obs_angle_min").get_parameter_value().get<double>();
      |     [01;31m[K^~~~~~~~~~~~~[m[K
[01m[K/home/max/Documents/GitHub/IR2117/tb3_ws/obstacles/src/detector.cpp:36:5:[m[K [01;31m[Kerror: [m[Kâ€˜[01m[Kobs_angle_max[m[Kâ€™ was not declared in this scope
   36 |     [01;31m[Kobs_angle_max[m[K = node->get_parameter("obs_angle_max").get_parameter_value().get<double>();
      |     [01;31m[K^~~~~~~~~~~~~[m[K
[01m[K/home/max/Documents/GitHub/IR2117/tb3_ws/obstacles/src/detector.cpp:37:5:[m[K [01;31m[Kerror: [m[Kâ€˜[01m[Kobs_threshold[m[Kâ€™ was not declared in this scope
   37 |     [01;31m[Kobs_threshold[m[K = node->get_parameter("obs_threshold").get_parameter_value().get<double>();
      |     [01;31m[K^~~~~~~~~~~~~[m[K
make[2]: *** [CMakeFiles/detector.dir/build.make:63: CMakeFiles/detector.dir/src/detector.cpp.o] Error 1
make[1]: *** [CMakeFiles/Makefile2:78: CMakeFiles/detector.dir/all] Error 2
make: *** [Makefile:141: all] Error 2
