[0.017s] Invoking command in '/home/max/Documents/GitHub/IR2117/tb3_ws/build/obstacles': CMAKE_PREFIX_PATH=${CMAKE_PREFIX_PATH}:/opt/ros/foxy /usr/bin/cmake --build /home/max/Documents/GitHub/IR2117/tb3_ws/build/obstacles -- -j20 -l20
[0.041s] [35m[1mScanning dependencies of target detector[0m
[0.055s] [ 50%] [32mBuilding CXX object CMakeFiles/detector.dir/src/detector.cpp.o[0m
[0.616s] [01m[K/home/max/Documents/GitHub/IR2117/tb3_ws/obstacles/src/detector.cpp:[m[K In function â€˜[01m[Kvoid topic_callback(sensor_msgs::msg::LaserScan_<std::allocator<void> >::SharedPtr)[m[Kâ€™:
[0.616s] [01m[K/home/max/Documents/GitHub/IR2117/tb3_ws/obstacles/src/detector.cpp:16:21:[m[K [01;31m[Kerror: [m[Kâ€˜[01m[Kobs_angle_min[m[Kâ€™ was not declared in this scope
[0.616s]    16 |         if((angle >=[01;31m[Kobs_angle_min[m[K) and (angle <= obs_angle_max)){
[0.616s]       |                     [01;31m[K^~~~~~~~~~~~~[m[K
[0.617s] [01m[K/home/max/Documents/GitHub/IR2117/tb3_ws/obstacles/src/detector.cpp:16:50:[m[K [01;31m[Kerror: [m[Kâ€˜[01m[Kobs_angle_max[m[Kâ€™ was not declared in this scope
[0.617s]    16 |         if((angle >=obs_angle_min) and (angle <= [01;31m[Kobs_angle_max[m[K)){
[0.617s]       |                                                  [01;31m[K^~~~~~~~~~~~~[m[K
[0.618s] [01m[K/home/max/Documents/GitHub/IR2117/tb3_ws/obstacles/src/detector.cpp:17:24:[m[K [01;31m[Kerror: [m[Kâ€˜[01m[Kobs_threshold[m[Kâ€™ was not declared in this scope
[0.618s]    17 |             if(range<= [01;31m[Kobs_threshold[m[K){
[0.618s]       |                        [01;31m[K^~~~~~~~~~~~~[m[K
[0.630s] [01m[K/home/max/Documents/GitHub/IR2117/tb3_ws/obstacles/src/detector.cpp:[m[K In function â€˜[01m[Kint main(int, char**)[m[Kâ€™:
[0.630s] [01m[K/home/max/Documents/GitHub/IR2117/tb3_ws/obstacles/src/detector.cpp:35:10:[m[K [01;35m[Kwarning: [m[Kunused variable â€˜[01m[Kobs_angle_min[m[Kâ€™ [[01;35m[K-Wunused-variable[m[K]
[0.630s]    35 |     auto [01;35m[Kobs_angle_min[m[K = node->get_parameter("obs_angle_min").get_parameter_value().get<double>();
[0.630s]       |          [01;35m[K^~~~~~~~~~~~~[m[K
[0.630s] [01m[K/home/max/Documents/GitHub/IR2117/tb3_ws/obstacles/src/detector.cpp:36:10:[m[K [01;35m[Kwarning: [m[Kunused variable â€˜[01m[Kobs_angle_max[m[Kâ€™ [[01;35m[K-Wunused-variable[m[K]
[0.630s]    36 |     auto [01;35m[Kobs_angle_max[m[K = node->get_parameter("obs_angle_max").get_parameter_value().get<double>();
[0.630s]       |          [01;35m[K^~~~~~~~~~~~~[m[K
[0.630s] [01m[K/home/max/Documents/GitHub/IR2117/tb3_ws/obstacles/src/detector.cpp:37:10:[m[K [01;35m[Kwarning: [m[Kunused variable â€˜[01m[Kobs_threshold[m[Kâ€™ [[01;35m[K-Wunused-variable[m[K]
[0.630s]    37 |     auto [01;35m[Kobs_threshold[m[K = node->get_parameter("obs_threshold").get_parameter_value().get<double>();
[0.630s]       |          [01;35m[K^~~~~~~~~~~~~[m[K
[1.334s] make[2]: *** [CMakeFiles/detector.dir/build.make:63: CMakeFiles/detector.dir/src/detector.cpp.o] Error 1
[1.334s] make[1]: *** [CMakeFiles/Makefile2:78: CMakeFiles/detector.dir/all] Error 2
[1.334s] make: *** [Makefile:141: all] Error 2
[1.335s] Invoked command in '/home/max/Documents/GitHub/IR2117/tb3_ws/build/obstacles' returned '2': CMAKE_PREFIX_PATH=${CMAKE_PREFIX_PATH}:/opt/ros/foxy /usr/bin/cmake --build /home/max/Documents/GitHub/IR2117/tb3_ws/build/obstacles -- -j20 -l20
