[0.008s] Invoking command in '/home/max/Documents/GitHub/IR2117/tb3_ws/obstacles/build/obstacles': CMAKE_PREFIX_PATH=/opt/ros/foxy /usr/bin/cmake /home/max/Documents/GitHub/IR2117/tb3_ws/obstacles -DCMAKE_INSTALL_PREFIX=/home/max/Documents/GitHub/IR2117/tb3_ws/obstacles/install/obstacles
[0.090s] -- The C compiler identification is GNU 9.4.0
[0.158s] -- The CXX compiler identification is GNU 9.4.0
[0.161s] -- Check for working C compiler: /usr/bin/cc
[0.215s] -- Check for working C compiler: /usr/bin/cc -- works
[0.218s] -- Detecting C compiler ABI info
[0.297s] -- Detecting C compiler ABI info - done
[0.303s] -- Detecting C compile features
[0.303s] -- Detecting C compile features - done
[0.305s] -- Check for working CXX compiler: /usr/bin/c++
[0.348s] -- Check for working CXX compiler: /usr/bin/c++ -- works
[0.348s] -- Detecting CXX compiler ABI info
[0.404s] -- Detecting CXX compiler ABI info - done
[0.410s] -- Detecting CXX compile features
[0.411s] -- Detecting CXX compile features - done
[0.413s] -- Found ament_cmake: 0.9.11 (/opt/ros/foxy/share/ament_cmake/cmake)
[0.426s] -- Found PythonInterp: /usr/bin/python3 (found suitable version "3.8.10", minimum required is "3") 
[0.426s] -- Using PYTHON_EXECUTABLE: /usr/bin/python3
[0.516s] -- Found rclcpp: 2.4.2 (/opt/ros/foxy/share/rclcpp/cmake)
[0.539s] -- Using all available rosidl_typesupport_c: rosidl_typesupport_fastrtps_c;rosidl_typesupport_introspection_c
[0.543s] -- Found rosidl_adapter: 1.3.0 (/opt/ros/foxy/share/rosidl_adapter/cmake)
[0.582s] -- Found OpenSSL: /usr/lib/x86_64-linux-gnu/libcrypto.so (found version "1.1.1f")  
[0.597s] -- Found FastRTPS: /opt/ros/foxy/include  
[0.638s] -- Using all available rosidl_typesupport_cpp: rosidl_typesupport_fastrtps_cpp;rosidl_typesupport_introspection_cpp
[0.668s] -- Found rmw_implementation_cmake: 1.0.3 (/opt/ros/foxy/share/rmw_implementation_cmake/cmake)
[0.669s] -- Using RMW implementation 'rmw_fastrtps_cpp' as default
[0.671s] -- Looking for pthread.h
[0.720s] -- Looking for pthread.h - found
[0.720s] -- Performing Test CMAKE_HAVE_LIBC_PTHREAD
[0.802s] -- Performing Test CMAKE_HAVE_LIBC_PTHREAD - Failed
[0.803s] -- Looking for pthread_create in pthreads
[0.884s] -- Looking for pthread_create in pthreads - not found
[0.884s] -- Looking for pthread_create in pthread
[0.954s] -- Looking for pthread_create in pthread - found
[0.955s] -- Found Threads: TRUE  
[1.044s] -- Found sensor_msgs: 2.0.5 (/opt/ros/foxy/share/sensor_msgs/cmake)
[1.110s] -- Found example_interfaces: 0.9.1 (/opt/ros/foxy/share/example_interfaces/cmake)
[1.178s] -- Found ament_lint_auto: 0.9.7 (/opt/ros/foxy/share/ament_lint_auto/cmake)
[1.215s] -- Added test 'copyright' to check source files copyright and LICENSE
[1.216s] -- Added test 'cppcheck' to perform static code analysis on C / C++ code
[1.216s] -- Configured cppcheck include dirs: 
[1.216s] -- Configured cppcheck exclude dirs and/or files: 
[1.218s] -- Added test 'cpplint' to check C / C++ code against the Google style
[1.218s] -- Configured cpplint exclude dirs and/or files: 
[1.218s] -- Added test 'flake8' to check Python code syntax and style conventions
[1.219s] -- Added test 'lint_cmake' to check CMake code style
[1.219s] -- Added test 'pep257' to check Python code against some of the style conventions in PEP 257
[1.221s] -- Added test 'uncrustify' to check C / C++ code style
[1.221s] -- Configured uncrustify additional arguments: 
[1.221s] -- Added test 'xmllint' to check XML markup files
[1.223s] -- Configuring done
[1.230s] -- Generating done
[1.231s] -- Build files have been written to: /home/max/Documents/GitHub/IR2117/tb3_ws/obstacles/build/obstacles
[1.237s] Invoked command in '/home/max/Documents/GitHub/IR2117/tb3_ws/obstacles/build/obstacles' returned '0': CMAKE_PREFIX_PATH=/opt/ros/foxy /usr/bin/cmake /home/max/Documents/GitHub/IR2117/tb3_ws/obstacles -DCMAKE_INSTALL_PREFIX=/home/max/Documents/GitHub/IR2117/tb3_ws/obstacles/install/obstacles
[1.237s] Invoking command in '/home/max/Documents/GitHub/IR2117/tb3_ws/obstacles/build/obstacles': CMAKE_PREFIX_PATH=/opt/ros/foxy /usr/bin/cmake --build /home/max/Documents/GitHub/IR2117/tb3_ws/obstacles/build/obstacles -- -j20 -l20
[1.258s] [35m[1mScanning dependencies of target detector[0m
[1.258s] [35m[1mScanning dependencies of target avoidance[0m
[1.274s] [ 25%] [32mBuilding CXX object CMakeFiles/avoidance.dir/src/avoidance.cpp.o[0m
[1.275s] [ 50%] [32mBuilding CXX object CMakeFiles/detector.dir/src/detector.cpp.o[0m
[1.840s] [01m[K/home/max/Documents/GitHub/IR2117/tb3_ws/obstacles/src/avoidance.cpp:[m[K In function â€˜[01m[Kint main(int, char**)[m[Kâ€™:
[1.840s] [01m[K/home/max/Documents/GitHub/IR2117/tb3_ws/obstacles/src/avoidance.cpp:10:19:[m[K [01;31m[Kerror: [m[Kâ€˜[01m[Kmsg[m[Kâ€™ has not been declared
[1.840s]    10 |     geometry_msgs:[01;31m[Kmsg[m[K::Twist message;
[1.840s]       |                   [01;31m[K^~~[m[K
[1.843s] [01m[K/home/max/Documents/GitHub/IR2117/tb3_ws/obstacles/src/avoidance.cpp:14:30:[m[K [01;31m[Kerror: [m[Kâ€˜[01m[Kmessage[m[Kâ€™ was not declared in this scope
[1.843s]    14 |         publisher -> publish([01;31m[Kmessage[m[K);
[1.843s]       |                              [01;31m[K^~~~~~~[m[K
[1.844s] [01m[K/home/max/Documents/GitHub/IR2117/tb3_ws/obstacles/src/avoidance.cpp:10:5:[m[K [01;35m[Kwarning: [m[Klabel â€˜[01m[Kgeometry_msgs[m[Kâ€™ defined but not used [[01;35m[K-Wunused-label[m[K]
[1.844s]    10 |     [01;35m[Kgeometry_msgs[m[K:msg::Twist message;
[1.844s]       |     [01;35m[K^~~~~~~~~~~~~[m[K
[2.238s] make[2]: *** [CMakeFiles/avoidance.dir/build.make:63: CMakeFiles/avoidance.dir/src/avoidance.cpp.o] Error 1
[2.238s] make[1]: *** [CMakeFiles/Makefile2:107: CMakeFiles/avoidance.dir/all] Error 2
[2.238s] make[1]: *** Waiting for unfinished jobs....
[3.734s] [ 75%] [32m[1mLinking CXX executable detector[0m
[3.867s] [ 75%] Built target detector
[3.868s] make: *** [Makefile:141: all] Error 2
[3.870s] Invoked command in '/home/max/Documents/GitHub/IR2117/tb3_ws/obstacles/build/obstacles' returned '2': CMAKE_PREFIX_PATH=/opt/ros/foxy /usr/bin/cmake --build /home/max/Documents/GitHub/IR2117/tb3_ws/obstacles/build/obstacles -- -j20 -l20
