[0.009s] Invoking command in '/home/max/Documents/GitHub/IR2117/tb3_ws/build/olympic': CMAKE_PREFIX_PATH=${CMAKE_PREFIX_PATH}:/opt/ros/foxy /usr/bin/cmake --build /home/max/Documents/GitHub/IR2117/tb3_ws/build/olympic -- -j20 -l20
[0.032s] [35m[1mScanning dependencies of target rings[0m
[0.055s] [ 50%] [32mBuilding CXX object CMakeFiles/rings.dir/src/rings.cpp.o[0m
[0.618s] [01m[K/home/max/Documents/GitHub/IR2117/tb3_ws/olympic/src/rings.cpp:12:23:[m[K [01;31m[Kerror: [m[Kâ€˜[01m[Kturtlesim::srv::TeleportRelative[m[Kâ€™ has not been declared
[0.618s]    12 | using turtlesim::srv::[01;31m[KTeleportRelative[m[K;
[0.618s]       |                       [01;31m[K^~~~~~~~~~~~~~~~[m[K
[0.627s] [01m[K/home/max/Documents/GitHub/IR2117/tb3_ws/olympic/src/rings.cpp:[m[K In function â€˜[01m[Kint service_tp(std::shared_ptr<rclcpp::Node>, float, float)[m[Kâ€™:
[0.627s] [01m[K/home/max/Documents/GitHub/IR2117/tb3_ws/olympic/src/rings.cpp:49:17:[m[K [01;31m[Kerror: [m[Kâ€˜[01m[KTeleportRelative[m[Kâ€™ was not declared in this scope
[0.627s]    49 |  rclcpp::Client<[01;31m[KTeleportRelative[m[K>::SharedPtr client = node->create_client<TeleportRelative>("/turtle1/teleport_relative");
[0.627s]       |                 [01;31m[K^~~~~~~~~~~~~~~~[m[K
[0.627s] [01m[K/home/max/Documents/GitHub/IR2117/tb3_ws/olympic/src/rings.cpp:49:33:[m[K [01;31m[Kerror: [m[Ktemplate argument 1 is invalid
[0.627s]    49 |  rclcpp::Client<TeleportRelative[01;31m[K>[m[K::SharedPtr client = node->create_client<TeleportRelative>("/turtle1/teleport_relative");
[0.627s]       |                                 [01;31m[K^[m[K
[0.627s] [01m[K/home/max/Documents/GitHub/IR2117/tb3_ws/olympic/src/rings.cpp:49:46:[m[K [01;31m[Kerror: [m[Kexpected initializer before â€˜[01m[Kclient[m[Kâ€™
[0.628s]    49 |  rclcpp::Client<TeleportRelative>::SharedPtr [01;31m[Kclient[m[K = node->create_client<TeleportRelative>("/turtle1/teleport_relative");
[0.628s]       |                                              [01;31m[K^~~~~~[m[K
[0.628s] [01m[K/home/max/Documents/GitHub/IR2117/tb3_ws/olympic/src/rings.cpp:51:22:[m[K [01;31m[Kerror: [m[Kparse error in template argument list
[0.628s]    51 |  auto request = std::[01;31m[Kmake_shared<TeleportRelative::Request>[m[K();
[0.628s]       |                      [01;31m[K^~~~~~~~~~~~~~~~~~~~~~~~~~~~~~~~~~~~~~[m[K
[0.628s] [01m[K/home/max/Documents/GitHub/IR2117/tb3_ws/olympic/src/rings.cpp:51:61:[m[K [01;31m[Kerror: [m[Kno matching function for call to â€˜[01m[Kmake_shared<TeleportRelative>()[m[Kâ€™
[0.628s]    51 |  auto request = std::make_shared<TeleportRelative::Request>([01;31m[K)[m[K;
[0.628s]       |                                                             [01;31m[K^[m[K
[0.628s] In file included from [01m[K/usr/include/c++/9/memory:81[m[K,
[0.628s]                  from [01m[K/opt/ros/foxy/include/rclcpp/rclcpp.hpp:144[m[K,
[0.628s]                  from [01m[K/home/max/Documents/GitHub/IR2117/tb3_ws/olympic/src/rings.cpp:5[m[K:
[0.628s] [01m[K/usr/include/c++/9/bits/shared_ptr.h:714:5:[m[K [01;36m[Knote: [m[Kcandidate: â€˜[01m[Ktemplate<class _Tp, class ... _Args> std::shared_ptr<_Tp> std::make_shared(_Args&& ...)[m[Kâ€™
[0.628s]   714 |     [01;36m[Kmake_shared[m[K(_Args&&... __args)
[0.628s]       |     [01;36m[K^~~~~~~~~~~[m[K
[0.628s] [01m[K/usr/include/c++/9/bits/shared_ptr.h:714:5:[m[K [01;36m[Knote: [m[K  template argument deduction/substitution failed:
[0.628s] [01m[K/home/max/Documents/GitHub/IR2117/tb3_ws/olympic/src/rings.cpp:55:10:[m[K [01;31m[Kerror: [m[Kâ€˜[01m[Kclient[m[Kâ€™ was not declared in this scope
[0.628s]    55 |  while (![01;31m[Kclient[m[K->wait_for_service(500ms)) {
[0.628s]       |          [01;31m[K^~~~~~[m[K
[0.629s] [01m[K/home/max/Documents/GitHub/IR2117/tb3_ws/olympic/src/rings.cpp:64:19:[m[K [01;31m[Kerror: [m[Kâ€˜[01m[Kclient[m[Kâ€™ was not declared in this scope
[0.629s]    64 |     auto result = [01;31m[Kclient[m[K->async_send_request(request);
[0.629s]       |                   [01;31m[K^~~~~~[m[K
[0.639s] [01m[K/home/max/Documents/GitHub/IR2117/tb3_ws/olympic/src/rings.cpp:[m[K In function â€˜[01m[Kint main(int, char**)[m[Kâ€™:
[0.639s] [01m[K/home/max/Documents/GitHub/IR2117/tb3_ws/olympic/src/rings.cpp:107:40:[m[K [01;31m[Kerror: [m[Ktoo few arguments to function â€˜[01m[Kint service_pen(std::shared_ptr<rclcpp::Node>, int, int, int, int)[m[Kâ€™
[0.639s]   107 |     tp = service_pen(node,radius*1.08,0[01;31m[K)[m[K;
[0.639s]       |                                        [01;31m[K^[m[K
[0.639s] [01m[K/home/max/Documents/GitHub/IR2117/tb3_ws/olympic/src/rings.cpp:14:5:[m[K [01;36m[Knote: [m[Kdeclared here
[0.639s]    14 | int [01;36m[Kservice_pen[m[K(std::shared_ptr<rclcpp::Node> node , int red, int green, int blue, int w){
[0.639s]       |     [01;36m[K^~~~~~~~~~~[m[K
[1.108s] make[2]: *** [CMakeFiles/rings.dir/build.make:63: CMakeFiles/rings.dir/src/rings.cpp.o] Error 1
[1.108s] make[1]: *** [CMakeFiles/Makefile2:78: CMakeFiles/rings.dir/all] Error 2
[1.108s] make: *** [Makefile:141: all] Error 2
[1.110s] Invoked command in '/home/max/Documents/GitHub/IR2117/tb3_ws/build/olympic' returned '2': CMAKE_PREFIX_PATH=${CMAKE_PREFIX_PATH}:/opt/ros/foxy /usr/bin/cmake --build /home/max/Documents/GitHub/IR2117/tb3_ws/build/olympic -- -j20 -l20
