[0.012s] Invoking command in '/home/max/Documents/GitHub/IR2117/tb3_ws/build/obstacles': CMAKE_PREFIX_PATH=${CMAKE_PREFIX_PATH}:/opt/ros/foxy /usr/bin/cmake --build /home/max/Documents/GitHub/IR2117/tb3_ws/build/obstacles -- -j20 -l20
[0.036s] [35m[1mScanning dependencies of target avoidance[0m
[0.046s] [ 50%] Built target detector
[0.047s] [ 75%] [32mBuilding CXX object CMakeFiles/avoidance.dir/src/avoidance.cpp.o[0m
[0.606s] [01m[K/home/max/Documents/GitHub/IR2117/tb3_ws/obstacles/src/avoidance.cpp:[m[K In function â€˜[01m[Kvoid callback_front(example_interfaces::msg::Bool_<std::allocator<void> >::SharedPtr)[m[Kâ€™:
[0.606s] [01m[K/home/max/Documents/GitHub/IR2117/tb3_ws/obstacles/src/avoidance.cpp:11:10:[m[K [01;31m[Kerror: [m[Kcannot convert â€˜[01m[Kconst SharedPtr[m[Kâ€™ {aka â€˜[01m[Kconst std::shared_ptr<example_interfaces::msg::Bool_<std::allocator<void> > >[m[Kâ€™} to â€˜[01m[Kbool[m[Kâ€™ in assignment
[0.606s]    11 |     fr = [01;31m[Kmsg[m[K;
[0.606s]       |          [01;31m[K^~~[m[K
[0.606s]       |          [01;31m[K|[m[K
[0.606s]       |          [01;31m[Kconst SharedPtr {aka const std::shared_ptr<example_interfaces::msg::Bool_<std::allocator<void> > >}[m[K
[0.606s] [01m[K/home/max/Documents/GitHub/IR2117/tb3_ws/obstacles/src/avoidance.cpp:[m[K In function â€˜[01m[Kvoid callback_left(example_interfaces::msg::Bool_<std::allocator<void> >::SharedPtr)[m[Kâ€™:
[0.606s] [01m[K/home/max/Documents/GitHub/IR2117/tb3_ws/obstacles/src/avoidance.cpp:15:11:[m[K [01;31m[Kerror: [m[Kcannot convert â€˜[01m[Kconst SharedPtr[m[Kâ€™ {aka â€˜[01m[Kconst std::shared_ptr<example_interfaces::msg::Bool_<std::allocator<void> > >[m[Kâ€™} to â€˜[01m[Kbool[m[Kâ€™ in assignment
[0.606s]    15 |     izq = [01;31m[Kmsg[m[K;
[0.606s]       |           [01;31m[K^~~[m[K
[0.606s]       |           [01;31m[K|[m[K
[0.606s]       |           [01;31m[Kconst SharedPtr {aka const std::shared_ptr<example_interfaces::msg::Bool_<std::allocator<void> > >}[m[K
[0.607s] [01m[K/home/max/Documents/GitHub/IR2117/tb3_ws/obstacles/src/avoidance.cpp:[m[K In function â€˜[01m[Kvoid callback_right(example_interfaces::msg::Bool_<std::allocator<void> >::SharedPtr)[m[Kâ€™:
[0.607s] [01m[K/home/max/Documents/GitHub/IR2117/tb3_ws/obstacles/src/avoidance.cpp:19:11:[m[K [01;31m[Kerror: [m[Kcannot convert â€˜[01m[Kconst SharedPtr[m[Kâ€™ {aka â€˜[01m[Kconst std::shared_ptr<example_interfaces::msg::Bool_<std::allocator<void> > >[m[Kâ€™} to â€˜[01m[Kbool[m[Kâ€™ in assignment
[0.607s]    19 |     der = [01;31m[Kmsg[m[K;
[0.607s]       |           [01;31m[K^~~[m[K
[0.607s]       |           [01;31m[K|[m[K
[0.607s]       |           [01;31m[Kconst SharedPtr {aka const std::shared_ptr<example_interfaces::msg::Bool_<std::allocator<void> > >}[m[K
[0.612s] [01m[K/home/max/Documents/GitHub/IR2117/tb3_ws/obstacles/src/avoidance.cpp:[m[K In function â€˜[01m[Kint main(int, char**)[m[Kâ€™:
[0.612s] [01m[K/home/max/Documents/GitHub/IR2117/tb3_ws/obstacles/src/avoidance.cpp:42:17:[m[K [01;31m[Kerror: [m[Kâ€˜[01m[Kelse[m[Kâ€™ without a previous â€˜[01m[Kif[m[Kâ€™
[0.612s]    42 |                 [01;31m[Kelse[m[K{
[0.613s]       |                 [01;31m[K^~~~[m[K
[0.613s] [01m[K/home/max/Documents/GitHub/IR2117/tb3_ws/obstacles/src/avoidance.cpp:44:25:[m[K [01;35m[Kwarning: [m[Kunused variable â€˜[01m[Krandint[m[Kâ€™ [[01;35m[K-Wunused-variable[m[K]
[0.613s]    44 |                     int [01;35m[Krandint[m[K = rand() %10+1;
[0.613s]       |                         [01;35m[K^~~~~~~[m[K
[0.613s] [01m[K/home/max/Documents/GitHub/IR2117/tb3_ws/obstacles/src/avoidance.cpp:49:17:[m[K [01;35m[Kwarning: [m[Kleft operand of comma operator has no effect [[01;35m[K-Wunused-value[m[K]
[0.613s]    49 |                 [01;35m[Kturn_left[m[K, turn_right,rd = false,false,false;
[0.613s]       |                 [01;35m[K^~~~~~~~~[m[K
[0.613s] [01m[K/home/max/Documents/GitHub/IR2117/tb3_ws/obstacles/src/avoidance.cpp:49:44:[m[K [01;35m[Kwarning: [m[Kright operand of comma operator has no effect [[01;35m[K-Wunused-value[m[K]
[0.613s]    49 |                 turn_left, turn_right,rd = [01;35m[Kfalse[m[K,false,false;
[0.613s]       |                                            [01;35m[K^~~~~[m[K
[0.613s] [01m[K/home/max/Documents/GitHub/IR2117/tb3_ws/obstacles/src/avoidance.cpp:49:56:[m[K [01;35m[Kwarning: [m[Kright operand of comma operator has no effect [[01;35m[K-Wunused-value[m[K]
[0.613s]    49 |                 turn_left, turn_right,rd = false,false,[01;35m[Kfalse[m[K;
[0.613s]       |                                                        [01;35m[K^~~~~[m[K
[0.613s] [01m[K/home/max/Documents/GitHub/IR2117/tb3_ws/obstacles/src/avoidance.cpp:49:61:[m[K [01;35m[Kwarning: [m[Kright operand of comma operator has no effect [[01;35m[K-Wunused-value[m[K]
[0.613s]    49 |                 turn_left, turn_right,rd = false,false,false[01;35m[K;[m[K
[0.613s]       |                                                             [01;35m[K^[m[K
[0.614s] [01m[K/home/max/Documents/GitHub/IR2117/tb3_ws/obstacles/src/avoidance.cpp:54:33:[m[K [01;31m[Kerror: [m[Kâ€˜[01m[Krandint[m[Kâ€™ was not declared in this scope
[0.614s]    54 |         if(turn_left or (rd and [01;31m[Krandint[m[K <= 5))
[0.614s]       |                                 [01;31m[K^~~~~~~[m[K
[0.614s] [01m[K/home/max/Documents/GitHub/IR2117/tb3_ws/obstacles/src/avoidance.cpp:56:34:[m[K [01;31m[Kerror: [m[Kâ€˜[01m[Krandint[m[Kâ€™ was not declared in this scope
[0.614s]    56 |         if(turn_right or (rd and [01;31m[Krandint[m[K > 5))
[0.614s]       |                                  [01;31m[K^~~~~~~[m[K
[1.324s] make[2]: *** [CMakeFiles/avoidance.dir/build.make:63: CMakeFiles/avoidance.dir/src/avoidance.cpp.o] Error 1
[1.324s] make[1]: *** [CMakeFiles/Makefile2:107: CMakeFiles/avoidance.dir/all] Error 2
[1.324s] make: *** [Makefile:141: all] Error 2
[1.327s] Invoked command in '/home/max/Documents/GitHub/IR2117/tb3_ws/build/obstacles' returned '2': CMAKE_PREFIX_PATH=${CMAKE_PREFIX_PATH}:/opt/ros/foxy /usr/bin/cmake --build /home/max/Documents/GitHub/IR2117/tb3_ws/build/obstacles -- -j20 -l20
