[35m[1mScanning dependencies of target detector[0m
[ 50%] [32mBuilding CXX object CMakeFiles/detector.dir/src/detector.cpp.o[0m
[01m[K/home/max/Documents/GitHub/IR2117/tb3_ws/obstacles/src/detector.cpp:7:56:[m[K [01;31m[Kerror: [m[Kexpected â€˜[01m[K,[m[Kâ€™ or â€˜[01m[K;[m[Kâ€™ before â€˜[01m[Kobs_threshold[m[Kâ€™
    7 | double obs_angle_min = -M_PI/8, obs_angle_max = M_PI/8 [01;31m[Kobs_threshold[m[K = 1.0;
      |                                                        [01;31m[K^~~~~~~~~~~~~[m[K
[01m[K/home/max/Documents/GitHub/IR2117/tb3_ws/obstacles/src/detector.cpp:[m[K In function â€˜[01m[Kvoid topic_callback(sensor_msgs::msg::LaserScan_<std::allocator<void> >::SharedPtr)[m[Kâ€™:
[01m[K/home/max/Documents/GitHub/IR2117/tb3_ws/obstacles/src/detector.cpp:18:24:[m[K [01;31m[Kerror: [m[Kâ€˜[01m[Kobs_threshold[m[Kâ€™ was not declared in this scope
   18 |             if(range<= [01;31m[Kobs_threshold[m[K){
      |                        [01;31m[K^~~~~~~~~~~~~[m[K
[01m[K/home/max/Documents/GitHub/IR2117/tb3_ws/obstacles/src/detector.cpp:[m[K In function â€˜[01m[Kint main(int, char**)[m[Kâ€™:
[01m[K/home/max/Documents/GitHub/IR2117/tb3_ws/obstacles/src/detector.cpp:38:5:[m[K [01;31m[Kerror: [m[Kâ€˜[01m[Kobs_threshold[m[Kâ€™ was not declared in this scope
   38 |     [01;31m[Kobs_threshold[m[K = node->get_parameter("obs_threshold").get_parameter_value().get<double>();
      |     [01;31m[K^~~~~~~~~~~~~[m[K
make[2]: *** [CMakeFiles/detector.dir/build.make:63: CMakeFiles/detector.dir/src/detector.cpp.o] Error 1
make[1]: *** [CMakeFiles/Makefile2:78: CMakeFiles/detector.dir/all] Error 2
make: *** [Makefile:141: all] Error 2
