[0.017s] Invoking command in '/home/max/Documents/GitHub/IR2117/tb3_ws/build/obstacles': CMAKE_PREFIX_PATH=${CMAKE_PREFIX_PATH}:/opt/ros/foxy /usr/bin/cmake --build /home/max/Documents/GitHub/IR2117/tb3_ws/build/obstacles -- -j20 -l20
[0.043s] [35m[1mScanning dependencies of target detector[0m
[0.057s] [ 50%] [32mBuilding CXX object CMakeFiles/detector.dir/src/detector.cpp.o[0m
[0.621s] [01m[K/home/max/Documents/GitHub/IR2117/tb3_ws/obstacles/src/detector.cpp:7:56:[m[K [01;31m[Kerror: [m[Kexpected â€˜[01m[K,[m[Kâ€™ or â€˜[01m[K;[m[Kâ€™ before â€˜[01m[Kobs_threshold[m[Kâ€™
[0.622s]     7 | double obs_angle_min = -M_PI/8, obs_angle_max = M_PI/8 [01;31m[Kobs_threshold[m[K = 1.0;
[0.622s]       |                                                        [01;31m[K^~~~~~~~~~~~~[m[K
[0.624s] [01m[K/home/max/Documents/GitHub/IR2117/tb3_ws/obstacles/src/detector.cpp:[m[K In function â€˜[01m[Kvoid topic_callback(sensor_msgs::msg::LaserScan_<std::allocator<void> >::SharedPtr)[m[Kâ€™:
[0.624s] [01m[K/home/max/Documents/GitHub/IR2117/tb3_ws/obstacles/src/detector.cpp:18:24:[m[K [01;31m[Kerror: [m[Kâ€˜[01m[Kobs_threshold[m[Kâ€™ was not declared in this scope
[0.624s]    18 |             if(range<= [01;31m[Kobs_threshold[m[K){
[0.624s]       |                        [01;31m[K^~~~~~~~~~~~~[m[K
[0.637s] [01m[K/home/max/Documents/GitHub/IR2117/tb3_ws/obstacles/src/detector.cpp:[m[K In function â€˜[01m[Kint main(int, char**)[m[Kâ€™:
[0.637s] [01m[K/home/max/Documents/GitHub/IR2117/tb3_ws/obstacles/src/detector.cpp:38:5:[m[K [01;31m[Kerror: [m[Kâ€˜[01m[Kobs_threshold[m[Kâ€™ was not declared in this scope
[0.637s]    38 |     [01;31m[Kobs_threshold[m[K = node->get_parameter("obs_threshold").get_parameter_value().get<double>();
[0.637s]       |     [01;31m[K^~~~~~~~~~~~~[m[K
[1.359s] make[2]: *** [CMakeFiles/detector.dir/build.make:63: CMakeFiles/detector.dir/src/detector.cpp.o] Error 1
[1.359s] make[1]: *** [CMakeFiles/Makefile2:78: CMakeFiles/detector.dir/all] Error 2
[1.359s] make: *** [Makefile:141: all] Error 2
[1.361s] Invoked command in '/home/max/Documents/GitHub/IR2117/tb3_ws/build/obstacles' returned '2': CMAKE_PREFIX_PATH=${CMAKE_PREFIX_PATH}:/opt/ros/foxy /usr/bin/cmake --build /home/max/Documents/GitHub/IR2117/tb3_ws/build/obstacles -- -j20 -l20
