[0.012s] Invoking command in '/home/max/Documents/GitHub/IR2117/tb3_ws/build/obstacles': CMAKE_PREFIX_PATH=/opt/ros/foxy /usr/bin/cmake --build /home/max/Documents/GitHub/IR2117/tb3_ws/build/obstacles -- -j20 -l20
[0.041s] [ 25%] [32mBuilding CXX object CMakeFiles/avoidance.dir/src/avoidance.cpp.o[0m
[0.045s] [ 75%] Built target detector
[0.604s] [01m[K/home/max/Documents/GitHub/IR2117/tb3_ws/obstacles/src/avoidance.cpp:[m[K In function â€˜[01m[Kint main(int, char**)[m[Kâ€™:
[0.604s] [01m[K/home/max/Documents/GitHub/IR2117/tb3_ws/obstacles/src/avoidance.cpp:10:19:[m[K [01;31m[Kerror: [m[Kâ€˜[01m[Kmsg[m[Kâ€™ has not been declared
[0.604s]    10 |     geometry_msgs:[01;31m[Kmsg[m[K::Twist message;
[0.604s]       |                   [01;31m[K^~~[m[K
[0.607s] [01m[K/home/max/Documents/GitHub/IR2117/tb3_ws/obstacles/src/avoidance.cpp:14:30:[m[K [01;31m[Kerror: [m[Kâ€˜[01m[Kmessage[m[Kâ€™ was not declared in this scope
[0.607s]    14 |         publisher -> publish([01;31m[Kmessage[m[K);
[0.607s]       |                              [01;31m[K^~~~~~~[m[K
[0.607s] [01m[K/home/max/Documents/GitHub/IR2117/tb3_ws/obstacles/src/avoidance.cpp:10:5:[m[K [01;35m[Kwarning: [m[Klabel â€˜[01m[Kgeometry_msgs[m[Kâ€™ defined but not used [[01;35m[K-Wunused-label[m[K]
[0.607s]    10 |     [01;35m[Kgeometry_msgs[m[K:msg::Twist message;
[0.607s]       |     [01;35m[K^~~~~~~~~~~~~[m[K
[0.990s] make[2]: *** [CMakeFiles/avoidance.dir/build.make:63: CMakeFiles/avoidance.dir/src/avoidance.cpp.o] Error 1
[0.990s] make[1]: *** [CMakeFiles/Makefile2:107: CMakeFiles/avoidance.dir/all] Error 2
[0.990s] make: *** [Makefile:141: all] Error 2
[0.991s] Invoked command in '/home/max/Documents/GitHub/IR2117/tb3_ws/build/obstacles' returned '2': CMAKE_PREFIX_PATH=/opt/ros/foxy /usr/bin/cmake --build /home/max/Documents/GitHub/IR2117/tb3_ws/build/obstacles -- -j20 -l20
