[0.009s] Invoking command in '/home/max/Documents/GitHub/IR2117/tb3_ws/build/olympic': CMAKE_PREFIX_PATH=${CMAKE_PREFIX_PATH}:/opt/ros/foxy /usr/bin/cmake --build /home/max/Documents/GitHub/IR2117/tb3_ws/build/olympic -- -j20 -l20
[0.036s] [35m[1mScanning dependencies of target rings[0m
[0.051s] [ 50%] [32mBuilding CXX object CMakeFiles/rings.dir/src/rings.cpp.o[0m
[0.683s] [01m[K/home/max/Documents/GitHub/IR2117/tb3_ws/olympic/src/rings.cpp:[m[K In function â€˜[01m[Kint main(int, char**)[m[Kâ€™:
[0.683s] [01m[K/home/max/Documents/GitHub/IR2117/tb3_ws/olympic/src/rings.cpp:92:29:[m[K [01;31m[Kerror: [m[Kâ€˜[01m[Kradius[m[Kâ€™ was not declared in this scope
[0.683s]    92 |  tp = service_tp(node,5.5 - [01;31m[Kradius[m[K*2.16, 5.5 - radius, 0.0);
[0.683s]       |                             [01;31m[K^~~~~~[m[K
[1.262s] make[2]: *** [CMakeFiles/rings.dir/build.make:63: CMakeFiles/rings.dir/src/rings.cpp.o] Error 1
[1.262s] make[1]: *** [CMakeFiles/Makefile2:78: CMakeFiles/rings.dir/all] Error 2
[1.262s] make: *** [Makefile:141: all] Error 2
[1.263s] Invoked command in '/home/max/Documents/GitHub/IR2117/tb3_ws/build/olympic' returned '2': CMAKE_PREFIX_PATH=${CMAKE_PREFIX_PATH}:/opt/ros/foxy /usr/bin/cmake --build /home/max/Documents/GitHub/IR2117/tb3_ws/build/olympic -- -j20 -l20
