[0.013s] Invoking command in '/home/max/Documents/GitHub/IR2117/tb3_ws/build/obstacles': CMAKE_PREFIX_PATH=/opt/ros/foxy /usr/bin/cmake /home/max/Documents/GitHub/IR2117/tb3_ws/obstacles -DCMAKE_INSTALL_PREFIX=/home/max/Documents/GitHub/IR2117/tb3_ws/install/obstacles
[0.020s] -- Found ament_cmake: 0.9.11 (/opt/ros/foxy/share/ament_cmake/cmake)
[0.032s] -- Using PYTHON_EXECUTABLE: /usr/bin/python3
[0.118s] -- Found rclcpp: 2.4.2 (/opt/ros/foxy/share/rclcpp/cmake)
[0.139s] -- Using all available rosidl_typesupport_c: rosidl_typesupport_fastrtps_c;rosidl_typesupport_introspection_c
[0.140s] -- Found rosidl_adapter: 1.3.0 (/opt/ros/foxy/share/rosidl_adapter/cmake)
[0.202s] -- Using all available rosidl_typesupport_cpp: rosidl_typesupport_fastrtps_cpp;rosidl_typesupport_introspection_cpp
[0.229s] -- Found rmw_implementation_cmake: 1.0.3 (/opt/ros/foxy/share/rmw_implementation_cmake/cmake)
[0.230s] -- Using RMW implementation 'rmw_fastrtps_cpp' as default
[0.236s] -- Looking for pthread.h
[0.304s] -- Looking for pthread.h - found
[0.304s] -- Performing Test CMAKE_HAVE_LIBC_PTHREAD
[0.401s] -- Performing Test CMAKE_HAVE_LIBC_PTHREAD - Failed
[0.401s] -- Looking for pthread_create in pthreads
[0.477s] -- Looking for pthread_create in pthreads - not found
[0.477s] -- Looking for pthread_create in pthread
[0.559s] -- Looking for pthread_create in pthread - found
[0.560s] -- Found Threads: TRUE  
[0.649s] -- Found sensor_msgs: 2.0.5 (/opt/ros/foxy/share/sensor_msgs/cmake)
[0.710s] -- Found example_interfaces: 0.9.1 (/opt/ros/foxy/share/example_interfaces/cmake)
[0.768s] -- Found ament_lint_auto: 0.9.7 (/opt/ros/foxy/share/ament_lint_auto/cmake)
[0.806s] -- Added test 'copyright' to check source files copyright and LICENSE
[0.806s] -- Added test 'cppcheck' to perform static code analysis on C / C++ code
[0.806s] -- Configured cppcheck include dirs: 
[0.806s] -- Configured cppcheck exclude dirs and/or files: 
[0.807s] -- Added test 'cpplint' to check C / C++ code against the Google style
[0.807s] -- Configured cpplint exclude dirs and/or files: 
[0.807s] -- Added test 'lint_cmake' to check CMake code style
[0.807s] -- Added test 'uncrustify' to check C / C++ code style
[0.808s] -- Configured uncrustify additional arguments: 
[0.808s] -- Added test 'xmllint' to check XML markup files
[0.809s] -- Configuring done
[0.814s] -- Generating done
[0.814s] -- Build files have been written to: /home/max/Documents/GitHub/IR2117/tb3_ws/build/obstacles
[0.819s] Invoked command in '/home/max/Documents/GitHub/IR2117/tb3_ws/build/obstacles' returned '0': CMAKE_PREFIX_PATH=/opt/ros/foxy /usr/bin/cmake /home/max/Documents/GitHub/IR2117/tb3_ws/obstacles -DCMAKE_INSTALL_PREFIX=/home/max/Documents/GitHub/IR2117/tb3_ws/install/obstacles
[0.820s] Invoking command in '/home/max/Documents/GitHub/IR2117/tb3_ws/build/obstacles': CMAKE_PREFIX_PATH=/opt/ros/foxy /usr/bin/cmake --build /home/max/Documents/GitHub/IR2117/tb3_ws/build/obstacles -- -j20 -l20
[0.842s] [35m[1mScanning dependencies of target detector[0m
[0.873s] [ 50%] [32mBuilding CXX object CMakeFiles/detector.dir/src/detector.cpp.o[0m
[1.431s] [01m[K/home/max/Documents/GitHub/IR2117/tb3_ws/obstacles/src/detector.cpp:[m[K In function â€˜[01m[Kvoid topic_callback(sensor_msgs::msg::LaserScan_<std::allocator<void> >::SharedPtr)[m[Kâ€™:
[1.431s] [01m[K/home/max/Documents/GitHub/IR2117/tb3_ws/obstacles/src/detector.cpp:5:66:[m[K [01;35m[Kwarning: [m[Kunused parameter â€˜[01m[Kmsg[m[Kâ€™ [[01;35m[K-Wunused-parameter[m[K]
[1.431s]     5 | void topic_callback([01;35m[Kconst sensor_msgs::msg::LaserScan::SharedPtr msg[m[K){
[1.431s]       |                     [01;35m[K~~~~~~~~~~~~~~~~~~~~~~~~~~~~~~~~~~~~~~~~~~~~~^~~[m[K
[1.437s] [01m[K/home/max/Documents/GitHub/IR2117/tb3_ws/obstacles/src/detector.cpp:[m[K In function â€˜[01m[Kint main(int, char**)[m[Kâ€™:
[1.437s] [01m[K/home/max/Documents/GitHub/IR2117/tb3_ws/obstacles/src/detector.cpp:14:5:[m[K [01;31m[Kerror: [m[Kâ€˜[01m[Kreturn0[m[Kâ€™ was not declared in this scope
[1.437s]    14 |     [01;31m[Kreturn0[m[K;
[1.437s]       |     [01;31m[K^~~~~~~[m[K
[2.102s] make[2]: *** [CMakeFiles/detector.dir/build.make:63: CMakeFiles/detector.dir/src/detector.cpp.o] Error 1
[2.102s] make[1]: *** [CMakeFiles/Makefile2:78: CMakeFiles/detector.dir/all] Error 2
[2.102s] make: *** [Makefile:141: all] Error 2
[2.104s] Invoked command in '/home/max/Documents/GitHub/IR2117/tb3_ws/build/obstacles' returned '2': CMAKE_PREFIX_PATH=/opt/ros/foxy /usr/bin/cmake --build /home/max/Documents/GitHub/IR2117/tb3_ws/build/obstacles -- -j20 -l20
