[01m[K/home/max/Documents/GitHub/IR2117/ros2_ws/src/examples/sum/sum.cpp:[m[K In function â€˜[01m[Kvoid topic_callback(std_msgs::msg::Int32_<std::allocator<void> >::SharedPtr)[m[Kâ€™:
[01m[K/home/max/Documents/GitHub/IR2117/ros2_ws/src/examples/sum/sum.cpp:11:8:[m[K [01;31m[Kerror: [m[Kâ€˜[01m[Kstd::msgs[m[Kâ€™ has not been declared
   11 |   std::[01;31m[Kmsgs[m[K::msg::Int32 message;
      |        [01;31m[K^~~~[m[K
[01m[K/home/max/Documents/GitHub/IR2117/ros2_ws/src/examples/sum/sum.cpp:12:3:[m[K [01;31m[Kerror: [m[Kâ€˜[01m[Kmessage[m[Kâ€™ was not declared in this scope
   12 |   [01;31m[Kmessage[m[K.data = sum;
      |   [01;31m[K^~~~~~~[m[K
make[2]: *** [CMakeFiles/sum.dir/build.make:63: CMakeFiles/sum.dir/sum.cpp.o] Error 1
make[1]: *** [CMakeFiles/Makefile2:105: CMakeFiles/sum.dir/all] Error 2
make: *** [Makefile:141: all] Error 2
