[0.012s] Invoking command in '/home/max/Documents/GitHub/IR2117/ros2_ws/build/examples_sum': CMAKE_PREFIX_PATH=${CMAKE_PREFIX_PATH}:/opt/ros/foxy /usr/bin/cmake --build /home/max/Documents/GitHub/IR2117/ros2_ws/build/examples_sum -- -j20 -l20
[0.034s] [35m[1mScanning dependencies of target sum[0m
[0.046s] [ 50%] [32mBuilding CXX object CMakeFiles/sum.dir/sum.cpp.o[0m
[0.602s] [01m[K/home/max/Documents/GitHub/IR2117/ros2_ws/src/examples/sum/sum.cpp:[m[K In function â€˜[01m[Kvoid topic_callback(std_msgs::msg::Int32_<std::allocator<void> >::SharedPtr)[m[Kâ€™:
[0.602s] [01m[K/home/max/Documents/GitHub/IR2117/ros2_ws/src/examples/sum/sum.cpp:11:8:[m[K [01;31m[Kerror: [m[Kâ€˜[01m[Kstd::msgs[m[Kâ€™ has not been declared
[0.602s]    11 |   std::[01;31m[Kmsgs[m[K::msg::Int32 message;
[0.602s]       |        [01;31m[K^~~~[m[K
[0.603s] [01m[K/home/max/Documents/GitHub/IR2117/ros2_ws/src/examples/sum/sum.cpp:12:3:[m[K [01;31m[Kerror: [m[Kâ€˜[01m[Kmessage[m[Kâ€™ was not declared in this scope
[0.603s]    12 |   [01;31m[Kmessage[m[K.data = sum;
[0.603s]       |   [01;31m[K^~~~~~~[m[K
[1.287s] make[2]: *** [CMakeFiles/sum.dir/build.make:63: CMakeFiles/sum.dir/sum.cpp.o] Error 1
[1.287s] make[1]: *** [CMakeFiles/Makefile2:105: CMakeFiles/sum.dir/all] Error 2
[1.287s] make: *** [Makefile:141: all] Error 2
[1.289s] Invoked command in '/home/max/Documents/GitHub/IR2117/ros2_ws/build/examples_sum' returned '2': CMAKE_PREFIX_PATH=${CMAKE_PREFIX_PATH}:/opt/ros/foxy /usr/bin/cmake --build /home/max/Documents/GitHub/IR2117/ros2_ws/build/examples_sum -- -j20 -l20
